<?xml version="1.0" encoding="UTF-8"?>
<!-- Generated by org.testng.reporters.JUnitReportReporter -->
<testsuite hostname="rajusingh-PC" name="package1.JenkinsExample" tests="2" failures="0" timestamp="19 Jul 2018 07:21:18 GMT" time="65.370" errors="0">
  <testcase name="openapp" time="43.130" classname="package1.JenkinsExample"/>
  <testcase name="openapp1" time="22.240" classname="package1.JenkinsExample"/>
</testsuite> <!-- package1.JenkinsExample -->
