<?xml version="1.0" encoding="UTF-8"?>
<!-- Generated by org.testng.reporters.JUnitReportReporter -->
<testsuite skipped="0" hostname="rajusingh-PC" name="gridexample.GridExample" tests="1" failures="0" timestamp="19 Jul 2018 07:25:17 GMT" time="19.746" errors="0">
  <testcase name="ApplicationAccess" time="19.746" classname="gridexample.GridExample"/>
</testsuite> <!-- gridexample.GridExample -->
