<?xml version="1.0" encoding="UTF-8"?>
<!-- Generated by org.testng.reporters.JUnitReportReporter -->
<testsuite hostname="rajusingh-PC" name="crossbrowsin.CBtesting" tests="2" failures="0" timestamp="31 May 2018 23:45:54 GMT" time="22.202" errors="0">
  <testcase name="gettext" time="9.416" classname="crossbrowsin.CBtesting"/>
  <testcase name="gettext" time="12.786" classname="crossbrowsin.CBtesting"/>
</testsuite> <!-- crossbrowsin.CBtesting -->
