<?xml version="1.0" encoding="UTF-8"?>
<!-- Generated by org.testng.reporters.JUnitReportReporter -->
<testsuite hostname="rajusingh-PC" name="TestScripts.TC2" tests="1" failures="0" timestamp="24 Jun 2018 11:25:38 GMT" time="38.351" errors="0">
  <testcase name="VerifyBranchCreation" time="38.351" classname="TestScripts.TC2"/>
</testsuite> <!-- TestScripts.TC2 -->
