<?xml version="1.0" encoding="UTF-8"?>
<!-- Generated by org.testng.reporters.JUnitReportReporter -->
<testsuite hostname="rajusingh-PC" name="TestScripts.EbankingARoleUpdation" tests="1" failures="0" timestamp="7 Jun 2018 18:06:04 GMT" time="20.793" errors="0">
  <testcase name="ebankingARoleUpdation" time="20.793" classname="TestScripts.EbankingARoleUpdation"/>
</testsuite> <!-- TestScripts.EbankingARoleUpdation -->
