<?xml version="1.0" encoding="UTF-8"?>
<!-- Generated by org.testng.reporters.JUnitReportReporter -->
<testsuite hostname="rajusingh-PC" name="TestScripts.EmployeeUpdation" tests="1" failures="0" timestamp="8 Jun 2018 06:00:16 GMT" time="19.201" errors="0">
  <testcase name="NewEmoloyUpdation" time="19.201" classname="TestScripts.EmployeeUpdation"/>
</testsuite> <!-- TestScripts.EmployeeUpdation -->
