<?xml version="1.0" encoding="UTF-8"?>
<!-- Generated by org.testng.reporters.JUnitReportReporter -->
<testsuite hostname="rajusingh-PC" name="TestScripts.TC3" tests="1" failures="0" timestamp="7 Jun 2018 17:12:31 GMT" time="23.773" errors="0">
  <testcase name="VerifyBranchCreation" time="23.773" classname="TestScripts.TC3"/>
</testsuite> <!-- TestScripts.TC3 -->
