<?xml version="1.0" encoding="UTF-8"?>
<!-- Generated by org.testng.reporters.JUnitReportReporter -->
<testsuite hostname="rajusingh-PC" name="TestScripts.NewUsercreation" tests="1" failures="0" timestamp="8 Jun 2018 03:31:47 GMT" time="20.974" errors="0">
  <testcase name="NewUserCreation" time="20.974" classname="TestScripts.NewUsercreation"/>
</testsuite> <!-- TestScripts.NewUsercreation -->
