<?xml version="1.0" encoding="UTF-8"?>
<!-- Generated by org.testng.reporters.JUnitReportReporter -->
<testsuite hostname="rajusingh-PC" name="TestScripts.EbankingARoleDeletion" tests="1" failures="0" timestamp="8 Jun 2018 02:19:31 GMT" time="18.946" errors="0">
  <testcase name="ResetofNewRoles" time="18.946" classname="TestScripts.EbankingARoleDeletion"/>
</testsuite> <!-- TestScripts.EbankingARoleDeletion -->
