<?xml version="1.0" encoding="UTF-8"?>
<!-- Generated by org.testng.reporters.JUnitReportReporter -->
<testsuite hostname="rajusingh-PC" name="TestScripts.TC_ResetOFNewbranch" tests="1" failures="0" timestamp="24 Jun 2018 11:26:45 GMT" time="40.151" errors="0">
  <testcase name="ResetOFNewbranch" time="40.151" classname="TestScripts.TC_ResetOFNewbranch"/>
</testsuite> <!-- TestScripts.TC_ResetOFNewbranch -->
