<?xml version="1.0" encoding="UTF-8"?>
<!-- Generated by org.testng.reporters.JUnitReportReporter -->
<testsuite hostname="rajusingh-PC" name="TestScripts.ResetOfNewRole" tests="1" failures="0" timestamp="7 Jun 2018 18:38:05 GMT" time="21.003" errors="0">
  <testcase name="ResetofNewRoles" time="21.003" classname="TestScripts.ResetOfNewRole"/>
</testsuite> <!-- TestScripts.ResetOfNewRole -->
