<?xml version="1.0" encoding="UTF-8"?>
<!-- Generated by org.testng.reporters.JUnitReportReporter -->
<testsuite hostname="rajusingh-PC" name="package1.JenkinsExample" tests="2" failures="0" timestamp="30 Jun 2018 07:05:48 GMT" time="73.089" errors="0">
  <testcase name="openapp1" time="31.796" classname="package1.JenkinsExample"/>
  <testcase name="openapp" time="41.293" classname="package1.JenkinsExample"/>
</testsuite> <!-- package1.JenkinsExample -->
