<?xml version="1.0" encoding="UTF-8"?>
<!-- Generated by org.testng.reporters.JUnitReportReporter -->
<testsuite hostname="rajusingh-PC" name="TestNg.com.TestNgExample" tests="3" failures="0" timestamp="11 Jun 2018 02:49:15 GMT" time="0.010" errors="0">
  <testcase name="testmethod2" time="0.000" classname="TestNg.com.TestNgExample"/>
  <testcase name="testmethod3" time="0.010" classname="TestNg.com.TestNgExample"/>
  <testcase name="testmethod1" time="0.000" classname="TestNg.com.TestNgExample"/>
</testsuite> <!-- TestNg.com.TestNgExample -->
