<?xml version="1.0" encoding="UTF-8"?>
<!-- Generated by org.testng.reporters.JUnitReportReporter -->
<testsuite hostname="rajusingh-PC" name="DynamicWebelement.Dynamic" tests="1" failures="0" timestamp="13 Jun 2018 17:10:59 GMT" time="54.094" errors="0">
  <testcase name="Dynamicelement" time="54.094" classname="DynamicWebelement.Dynamic"/>
</testsuite> <!-- DynamicWebelement.Dynamic -->
