<?xml version="1.0" encoding="UTF-8"?>
<!-- Generated by org.testng.reporters.JUnitReportReporter -->
<testsuite hostname="rajusingh-PC" name="excel.ReadData" tests="1" failures="0" timestamp="21 Jun 2018 10:09:58 GMT" time="0.265" errors="0">
  <testcase name="readData" time="0.265" classname="excel.ReadData"/>
</testsuite> <!-- excel.ReadData -->
