<?xml version="1.0" encoding="UTF-8"?>
<!-- Generated by org.testng.reporters.JUnitReportReporter -->
<testsuite hostname="rajusingh-PC" name="windowTowindow.PopupRelatedOkbtn" tests="1" failures="0" timestamp="13 Jun 2018 18:47:28 GMT" time="12.015" errors="0">
  <testcase name="Popupmethod" time="12.015" classname="windowTowindow.PopupRelatedOkbtn"/>
</testsuite> <!-- windowTowindow.PopupRelatedOkbtn -->
