<?xml version="1.0" encoding="UTF-8"?>
<!-- Generated by org.testng.reporters.JUnitReportReporter -->
<testsuite hostname="rajusingh-PC" name="getTheRowAndColumInTable.GetRowAndColum" tests="1" failures="0" timestamp="17 Jun 2018 13:17:39 GMT" time="16.562" errors="0">
  <testcase name="getRowAnColumn" time="16.562" classname="getTheRowAndColumInTable.GetRowAndColum"/>
</testsuite> <!-- getTheRowAndColumInTable.GetRowAndColum -->
