<?xml version="1.0" encoding="UTF-8"?>
<!-- Generated by org.testng.reporters.JUnitReportReporter -->
<testsuite hostname="rajusingh-PC" name="PageObjectModel.LoginPage" tests="1" failures="0" timestamp="27 Jun 2018 06:54:12 GMT" time="36.097" errors="0">
  <testcase name="VerfiyLogin" time="36.097" classname="PageObjectModel.LoginPage"/>
</testsuite> <!-- PageObjectModel.LoginPage -->
