<?xml version="1.0" encoding="UTF-8"?>
<!-- Generated by org.testng.reporters.JUnitReportReporter -->
<testsuite hostname="rajusingh-PC" name="MouseMoreAndSwitch.MouseMoreAndSwitchToFrame" tests="1" failures="0" timestamp="13 Jun 2018 18:29:31 GMT" time="74.489" errors="0">
  <testcase name="MouseMoeSwitch" time="74.489" classname="MouseMoreAndSwitch.MouseMoreAndSwitchToFrame"/>
</testsuite> <!-- MouseMoreAndSwitch.MouseMoreAndSwitchToFrame -->
