<?xml version="1.0" encoding="UTF-8"?>
<!-- Generated by org.testng.reporters.JUnitReportReporter -->
<testsuite hostname="rajusingh-PC" name="datadrivenframework.DataDrivenFramework" tests="3" failures="0" timestamp="27 Jun 2018 06:50:21 GMT" time="52.666" errors="0">
  <testcase name="DataDrivenFrameEx" time="19.646" classname="datadrivenframework.DataDrivenFramework"/>
  <testcase name="DataDrivenFrameEx" time="17.187" classname="datadrivenframework.DataDrivenFramework"/>
  <testcase name="DataDrivenFrameEx" time="15.833" classname="datadrivenframework.DataDrivenFramework"/>
</testsuite> <!-- datadrivenframework.DataDrivenFramework -->
