<?xml version="1.0" encoding="UTF-8"?>
<!-- Generated by org.testng.reporters.JUnitReportReporter -->
<testsuite hostname="rajusingh-PC" name="MousemoreAction.MouseMoreAction" tests="1" failures="0" timestamp="13 Jun 2018 18:03:37 GMT" time="14.544" errors="0">
  <testcase name="MouseMoreAction" time="14.544" classname="MousemoreAction.MouseMoreAction"/>
</testsuite> <!-- MousemoreAction.MouseMoreAction -->
