<?xml version="1.0" encoding="UTF-8"?>
<!-- Generated by org.testng.reporters.JUnitReportReporter -->
<testsuite hostname="rajusingh-PC" name="excel.ReadDataFrom" tests="1" failures="0" timestamp="27 Jun 2018 06:52:01 GMT" time="0.726" errors="0">
  <testcase name="ExcelData" time="0.726" classname="excel.ReadDataFrom"/>
</testsuite> <!-- excel.ReadDataFrom -->
