<?xml version="1.0" encoding="UTF-8"?>
<!-- Generated by org.testng.reporters.JUnitReportReporter -->
<testsuite hostname="rajusingh-PC" name="pom.LoginPage" tests="1" failures="0" timestamp="17 Jun 2018 19:04:57 GMT" time="11.948" errors="0">
  <testcase name="OranghrmLogin" time="11.948" classname="pom.LoginPage"/>
</testsuite> <!-- pom.LoginPage -->
