<?xml version="1.0" encoding="UTF-8"?>
<!-- Generated by org.testng.reporters.JUnitReportReporter -->
<testsuite hostname="rajusingh-PC" name="keyboardActions.KeyboardAction" tests="1" failures="0" timestamp="25 Jun 2018 16:15:01 GMT" time="30.755" errors="0">
  <testcase name="Keyboard" time="30.755" classname="keyboardActions.KeyboardAction"/>
</testsuite> <!-- keyboardActions.KeyboardAction -->
