<?xml version="1.0" encoding="UTF-8"?>
<!-- Generated by org.testng.reporters.JUnitReportReporter -->
<testsuite hostname="rajusingh-PC" name="Facebook.DropdownExample" tests="1" failures="0" timestamp="8 Jun 2018 11:44:31 GMT" time="13.858" errors="0">
  <testcase name="openFb" time="13.858" classname="Facebook.DropdownExample"/>
</testsuite> <!-- Facebook.DropdownExample -->
