<?xml version="1.0" encoding="UTF-8"?>
<!-- Generated by org.testng.reporters.JUnitReportReporter -->
<testsuite hostname="rajusingh-PC" name="GetAttributeMethod.GetAttributeM" tests="1" failures="0" timestamp="12 Jun 2018 17:49:59 GMT" time="24.320" errors="0">
  <testcase name="Getattribute" time="24.320" classname="GetAttributeMethod.GetAttributeM"/>
</testsuite> <!-- GetAttributeMethod.GetAttributeM -->
