<?xml version="1.0" encoding="UTF-8"?>
<!-- Generated by org.testng.reporters.JUnitReportReporter -->
<testsuite hostname="rajusingh-PC" name="TestScripts.NewbranchUpdation" tests="1" failures="0" timestamp="7 Jun 2018 11:51:58 GMT" time="25.570" errors="0">
  <testcase name="NewBranchUpdation" time="25.570" classname="TestScripts.NewbranchUpdation"/>
</testsuite> <!-- TestScripts.NewbranchUpdation -->
