<?xml version="1.0" encoding="UTF-8"?>
<!-- Generated by org.testng.reporters.JUnitReportReporter -->
<testsuite hostname="rajusingh-PC" name="TestScripts.TC1" tests="1" failures="0" timestamp="24 Jun 2018 11:24:37 GMT" time="32.317" errors="0">
  <testcase name="AdminLogin" time="32.317" classname="TestScripts.TC1"/>
</testsuite> <!-- TestScripts.TC1 -->
