<?xml version="1.0" encoding="UTF-8"?>
<!-- Generated by org.testng.reporters.JUnitReportReporter -->
<testsuite hostname="rajusingh-PC" name="TestScripts.NewEmployeereations" tests="1" failures="0" timestamp="8 Jun 2018 05:07:58 GMT" time="20.895" errors="0">
  <testcase name="NewEmoloyCreation" time="20.895" classname="TestScripts.NewEmployeereations"/>
</testsuite> <!-- TestScripts.NewEmployeereations -->
