<?xml version="1.0" encoding="UTF-8"?>
<!-- Generated by org.testng.reporters.JUnitReportReporter -->
<testsuite hostname="rajusingh-PC" name="captureScreenShort.CaptureScreenShort" tests="1" failures="0" timestamp="9 Jun 2018 20:15:33 GMT" time="10.055" errors="0">
  <testcase name="takescreeshotfb" time="10.055" classname="captureScreenShort.CaptureScreenShort"/>
</testsuite> <!-- captureScreenShort.CaptureScreenShort -->
