<?xml version="1.0" encoding="UTF-8"?>
<!-- Generated by org.testng.reporters.JUnitReportReporter -->
<testsuite hostname="rajusingh-PC" name="amazon.AmazonImplimentation" tests="1" failures="0" timestamp="25 Jun 2018 14:31:02 GMT" time="60.244" errors="0">
  <testcase name="amazon" time="60.244" classname="amazon.AmazonImplimentation"/>
</testsuite> <!-- amazon.AmazonImplimentation -->
