<?xml version="1.0" encoding="UTF-8"?>
<!-- Generated by org.testng.reporters.JUnitReportReporter -->
<testsuite hostname="rajusingh-PC" name="POM.Tc1" tests="1" failures="0" timestamp="17 Jun 2018 17:44:36 GMT" time="16.451" errors="0">
  <testcase name="orghrmlogin" time="16.451" classname="POM.Tc1"/>
</testsuite> <!-- POM.Tc1 -->
