<?xml version="1.0" encoding="UTF-8"?>
<!-- Generated by org.testng.reporters.JUnitReportReporter -->
<testsuite hostname="rajusingh-PC" name="testcase.TCase" tests="1" failures="0" timestamp="26 Jun 2018 17:40:39 GMT" time="18.303" errors="0">
  <testcase name="checkvalid" time="18.303" classname="testcase.TCase"/>
</testsuite> <!-- testcase.TCase -->
